C51 COMPILER V9.01   005                                                                   10/27/2025 15:02:38 PAGE 1   


C51 COMPILER V9.01, COMPILATION OF MODULE 005
OBJECT MODULE PLACED IN 005.OBJ
COMPILER INVOKED BY: C:\Keil\C51\BIN\C51.EXE 005.c BROWSE DEBUG OBJECTEXTEND

line level    source

   1          #include<reg51.h>
   2          #include<intrins.h>
   3          #define uchar unsigned char
   4          #define uint unsigned int
   5          uchar code dis_code[]={0xf9,0xa4,0xb0,0x99,0x92,0x82,0xf8,0x80,0x90,0x88,0xc0};
   6          void delay(uint t)
   7          {
   8   1          uchar i;
   9   1          while(t--)for(i=0;i<20;i++);
  10   1      }
  11          void main()
  12          {
  13   1          uchar i,j=0x80;
  14   1          while(1)
  15   1          {
  16   2              for(i=0;i<8;i++)
  17   2              {
  18   3                  j=_crol_(j,1);
  19   3                  P0 = dis_code[i];
  20   3                  P2 = j;
  21   3                              
  22   3                  delay(10);
  23   3                              P0=0xff;
  24   3              }
  25   2          }
  26   1      }


MODULE INFORMATION:   STATIC OVERLAYABLE
   CODE SIZE        =     63    ----
   CONSTANT SIZE    =     11    ----
   XDATA SIZE       =   ----    ----
   PDATA SIZE       =   ----    ----
   DATA SIZE        =   ----    ----
   IDATA SIZE       =   ----    ----
   BIT SIZE         =   ----    ----
END OF MODULE INFORMATION.


C51 COMPILATION COMPLETE.  0 WARNING(S),  0 ERROR(S)
